0 info it worked if it ends with ok
1 verbose cli [ 'C:\\Program Files\\nodejs\\node.exe',
1 verbose cli   'C:\\Users\\alesg\\AppData\\Roaming\\npm\\node_modules\\npm\\bin\\npm-cli.js',
1 verbose cli   'run',
1 verbose cli   'build_prod' ]
2 info using npm@3.10.9
3 info using node@v6.5.0
4 verbose run-script [ 'prebuild_prod', 'build_prod', 'postbuild_prod' ]
5 info lifecycle product-management@1.0.0~prebuild_prod: product-management@1.0.0
6 silly lifecycle product-management@1.0.0~prebuild_prod: no script for prebuild_prod, continuing
7 info lifecycle product-management@1.0.0~build_prod: product-management@1.0.0
8 verbose lifecycle product-management@1.0.0~build_prod: unsafe-perm in lifecycle true
9 verbose lifecycle product-management@1.0.0~build_prod: PATH: C:\Users\alesg\AppData\Roaming\npm\node_modules\npm\bin\node-gyp-bin;C:\Users\alesg\Documents\GitHub\Angular2-GettingStarted\APM - Start\node_modules\.bin;C:\ProgramData\Oracle\Java\javapath;C:\WINDOWS\system32;C:\WINDOWS;C:\WINDOWS\System32\Wbem;C:\WINDOWS\System32\WindowsPowerShell\v1.0\;C:\Users\alesg\.dnx\bin;C:\Program Files\Microsoft DNX\Dnvm\;C:\Program Files\Microsoft SQL Server\120\Tools\Binn\;C:\Program Files\nodejs\;C:\Program Files\Git\cmd;C:\Users\alesg\AppData\Roaming\npm;C:\Users\alesg\AppData\Local\Microsoft\WindowsApps;C:\Program Files (x86)\Microsoft VS Code\bin
10 verbose lifecycle product-management@1.0.0~build_prod: CWD: C:\Users\alesg\Documents\GitHub\Angular2-GettingStarted\APM - Start
11 silly lifecycle product-management@1.0.0~build_prod: Args: [ '/d /s /c',
11 silly lifecycle   'npm run build && browserify -s main dist/main.js > dist/bundle.js && npm run minify' ]
12 silly lifecycle product-management@1.0.0~build_prod: Returned: code: 1  signal: null
13 info lifecycle product-management@1.0.0~build_prod: Failed to exec build_prod script
14 verbose stack Error: product-management@1.0.0 build_prod: `npm run build && browserify -s main dist/main.js > dist/bundle.js && npm run minify`
14 verbose stack Exit status 1
14 verbose stack     at EventEmitter.<anonymous> (C:\Users\alesg\AppData\Roaming\npm\node_modules\npm\lib\utils\lifecycle.js:255:16)
14 verbose stack     at emitTwo (events.js:106:13)
14 verbose stack     at EventEmitter.emit (events.js:191:7)
14 verbose stack     at ChildProcess.<anonymous> (C:\Users\alesg\AppData\Roaming\npm\node_modules\npm\lib\utils\spawn.js:40:14)
14 verbose stack     at emitTwo (events.js:106:13)
14 verbose stack     at ChildProcess.emit (events.js:191:7)
14 verbose stack     at maybeClose (internal/child_process.js:877:16)
14 verbose stack     at Process.ChildProcess._handle.onexit (internal/child_process.js:226:5)
15 verbose pkgid product-management@1.0.0
16 verbose cwd C:\Users\alesg\Documents\GitHub\Angular2-GettingStarted\APM - Start
17 error Windows_NT 10.0.14393
18 error argv "C:\\Program Files\\nodejs\\node.exe" "C:\\Users\\alesg\\AppData\\Roaming\\npm\\node_modules\\npm\\bin\\npm-cli.js" "run" "build_prod"
19 error node v6.5.0
20 error npm  v3.10.9
21 error code ELIFECYCLE
22 error product-management@1.0.0 build_prod: `npm run build && browserify -s main dist/main.js > dist/bundle.js && npm run minify`
22 error Exit status 1
23 error Failed at the product-management@1.0.0 build_prod script 'npm run build && browserify -s main dist/main.js > dist/bundle.js && npm run minify'.
23 error Make sure you have the latest version of node.js and npm installed.
23 error If you do, this is most likely a problem with the product-management package,
23 error not with npm itself.
23 error Tell the author that this fails on your system:
23 error     npm run build && browserify -s main dist/main.js > dist/bundle.js && npm run minify
23 error You can get information on how to open an issue for this project with:
23 error     npm bugs product-management
23 error Or if that isn't available, you can get their info via:
23 error     npm owner ls product-management
23 error There is likely additional logging output above.
24 verbose exit [ 1, true ]
